[2022-12-24 13:50:36] [33mhttp[39m: GET /api/articles?limit=10&offset=1&sort=desc [32m200[0m 33.154 ms
[2022-12-24 14:05:10] [33mhttp[39m: GET /api/articles?limit=10&offset=1&sort=desc [32m200[0m 41.045 ms
[2022-12-24 14:16:01] [33mhttp[39m: POST /api/users/login [32m200[0m 60.749 ms
[2022-12-24 14:31:28] [33mhttp[39m: POST /api/users [32m200[0m 86.597 ms
[2022-12-24 14:35:35] [33mhttp[39m: POST /api/users [0mundefined[0m - ms
[2022-12-24 14:36:29] [33mhttp[39m: POST /api/users [0mundefined[0m - ms
[2022-12-24 14:40:54] [31merror[39m: status is not defined
[2022-12-24 14:40:54] [33mhttp[39m: POST /api/users [31m500[0m 65.719 ms
[2022-12-24 14:51:10] [31merror[39m: statusCode is not defined
[2022-12-24 14:51:10] [33mhttp[39m: POST /api/users [31m500[0m 75.329 ms
[2022-12-24 14:51:12] [31merror[39m: statusCode is not defined
[2022-12-24 14:51:12] [33mhttp[39m: POST /api/users [31m500[0m 15.858 ms
[2022-12-24 14:52:05] [33mhttp[39m: POST /api/users [32m200[0m 38.258 ms
[2022-12-24 14:53:56] [33mhttp[39m: POST /api/users [32m200[0m 71.326 ms
[2022-12-24 14:53:58] [33mhttp[39m: POST /api/users [32m200[0m 6.401 ms
[2022-12-24 14:54:49] [33mhttp[39m: POST /api/users [32m200[0m 38.984 ms
[2022-12-24 14:56:05] [33mhttp[39m: POST /api/users [32m200[0m 40.180 ms
[2022-12-24 14:56:49] [33mhttp[39m: POST /api/email [32m200[0m 1423.996 ms
[2022-12-24 14:57:11] [33mhttp[39m: POST /api/users [32m200[0m 19.278 ms
[2022-12-24 14:57:15] [33mhttp[39m: POST /api/users [32m200[0m 29.691 ms
[2022-12-24 14:58:23] [33mhttp[39m: POST /api/users [32m200[0m 87.174 ms
[2022-12-24 15:01:10] [33mhttp[39m: POST /api/users [32m200[0m 79.330 ms
[2022-12-24 15:03:32] [33mhttp[39m: POST /api/users/login [32m200[0m 58.456 ms
[2022-12-24 15:14:18] [33mhttp[39m: POST /api/users/login [32m200[0m 7.603 ms
[2022-12-24 15:14:45] [33mhttp[39m: POST /api/users/login [32m200[0m 54.032 ms
[2022-12-24 15:15:08] [33mhttp[39m: POST /api/users/login [32m200[0m 34.065 ms
[2022-12-24 15:22:24] [33mhttp[39m: POST /api/users/login [32m200[0m 29.659 ms
[2022-12-24 15:23:15] [33mhttp[39m: POST /api/users/login [31m500[0m 23.589 ms
[2022-12-24 15:23:48] [33mhttp[39m: POST /api/users/login [31m500[0m 20.725 ms
[2022-12-24 15:26:15] [33mhttp[39m: POST /api/users/login [31m500[0m 22.296 ms
[2022-12-24 15:27:22] [33mhttp[39m: POST /api/users/login [31m500[0m 21.895 ms
[2022-12-24 15:27:48] [33mhttp[39m: POST /api/users/login [31m500[0m 26.831 ms
[2022-12-24 15:27:50] [33mhttp[39m: POST /api/users/login [31m500[0m 5.058 ms
[2022-12-24 15:29:06] [33mhttp[39m: POST /api/users/login [31m500[0m 20.695 ms
[2022-12-24 15:31:42] [33mhttp[39m: POST /api/users/login [32m200[0m 20.459 ms
[2022-12-24 15:32:13] [33mhttp[39m: POST /api/users/login [32m200[0m 18.560 ms
[2022-12-24 15:32:21] [33mhttp[39m: POST /api/users/login [32m200[0m 2.861 ms
[2022-12-24 15:32:55] [33mhttp[39m: POST /api/users/login [32m200[0m 46.712 ms
[2022-12-24 15:35:45] [33mhttp[39m: POST /api/users/login [31m500[0m 23.358 ms
[2022-12-24 15:36:32] [33mhttp[39m: POST /api/users/login [32m200[0m 20.454 ms
[2022-12-24 15:37:15] [33mhttp[39m: POST /api/users/login [32m200[0m 24.469 ms
[2022-12-24 15:37:49] [33mhttp[39m: POST /api/users/login [32m200[0m 21.443 ms
[2022-12-24 15:43:59] [33mhttp[39m: GET /api/user [33m401[0m 2.905 ms
[2022-12-24 15:46:18] [33mhttp[39m: POST /api/users/login [32m200[0m 19.549 ms
[2022-12-24 15:49:37] [33mhttp[39m: POST /api/users/login [32m200[0m 21.446 ms
[2022-12-24 15:49:44] [33mhttp[39m: GET /api/user [33m401[0m 1.713 ms
[2022-12-24 15:50:37] [33mhttp[39m: GET /api/user [33m401[0m 0.515 ms
[2022-12-24 15:51:31] [33mhttp[39m: GET /api/user [33m401[0m 4.679 ms
[2022-12-24 15:55:54] [33mhttp[39m: GET /api/user [33m401[0m 2.720 ms
[2022-12-24 15:56:17] [33mhttp[39m: GET /api/user [32m200[0m 26.747 ms
[2022-12-24 16:00:08] [33mhttp[39m: GET /api/user [33m401[0m 16.082 ms
[2022-12-24 16:00:09] [33mhttp[39m: GET /api/user [33m401[0m 2.846 ms
[2022-12-24 16:00:41] [33mhttp[39m: POST /api/users/login [32m200[0m 23.819 ms
[2022-12-24 16:00:58] [33mhttp[39m: GET /api/user [33m401[0m 1.393 ms
[2022-12-24 16:00:59] [33mhttp[39m: GET /api/user [33m401[0m 1.021 ms
[2022-12-24 16:01:50] [33mhttp[39m: GET /api/user [32m200[0m 18.225 ms
[2022-12-24 16:02:12] [33mhttp[39m: GET /api/user [33m401[0m 14.998 ms
[2022-12-24 16:02:30] [33mhttp[39m: GET /api/user [33m401[0m 19.924 ms
[2022-12-24 16:02:37] [33mhttp[39m: GET /api/user [33m401[0m 4.848 ms
[2022-12-24 16:03:56] [33mhttp[39m: GET /api/user [32m200[0m 26.428 ms
